<html>
<head>
<title>TestNG:  Test</title>
<link href="../testng.css" rel="stylesheet" type="text/css" />
<link href="../my-testng.css" rel="stylesheet" type="text/css" />

<style type="text/css">
.log { display: none;} 
.stack-trace { display: none;} 
</style>
<script type="text/javascript">
<!--
function flip(e) {
  current = e.style.display;
  if (current == 'block') {
    e.style.display = 'none';
    return 0;
  }
  else {
    e.style.display = 'block';
    return 1;
  }
}

function toggleBox(szDivId, elem, msg1, msg2)
{
  var res = -1;  if (document.getElementById) {
    res = flip(document.getElementById(szDivId));
  }
  else if (document.all) {
    // this is the way old msie versions work
    res = flip(document.all[szDivId]);
  }
  if(elem) {
    if(res == 0) elem.innerHTML = msg1; else elem.innerHTML = msg2;
  }

}

function toggleAllBoxes() {
  if (document.getElementsByTagName) {
    d = document.getElementsByTagName('div');
    for (i = 0; i < d.length; i++) {
      if (d[i].className == 'log') {
        flip(d[i]);
      }
    }
  }
}

// -->
</script>

</head>
<body>
<h2 align='center'>Test</h2><table border='1' align="center">
<tr>
<td>Tests passed/Failed/Skipped:</td><td>19/2/0</td>
</tr><tr>
<td>Started on:</td><td>Mon Mar 04 12:15:04 CST 2024</td>
</tr>
<tr><td>Total time:</td><td>50 seconds (50460 ms)</td>
</tr><tr>
<td>Included groups:</td><td></td>
</tr><tr>
<td>Excluded groups:</td><td></td>
</tr>
</table><p/>
<small><i>(Hover the method name to see the test class name)</i></small><p/>
<table width='100%' border='1' class='invocation-failed'>
<tr><td colspan='4' align='center'><b>FAILED TESTS</b></td></tr>
<tr><td><b>Test method</b></td>
<td width="30%"><b>Exception</b></td>
<td width="10%"><b>Time (seconds)</b></td>
<td><b>Instance</b></td>
</tr>
<tr>
<td title='TestNgPractice.Yahoo2HardAssert.loginYahoo()'><b>loginYahoo</b><br>Test class: TestNgPractice.Yahoo2HardAssert<br>Test method: Hard-Assert</td>
<td><div><pre>java.lang.AssertionError: expected [Yahoo1] but found [Yahoo]
	at TestNgPractice.Yahoo2HardAssert.loginYahoo(Yahoo2HardAssert.java:29)
	at java.base/java.util.ArrayList.forEach(ArrayList.java:1511)
... Removed 33 stack frames</pre></div><a href='#' onClick='toggleBox("stack-trace143486875", this, "Click to show all stack frames", "Click to hide stack frames")'>Click to show all stack frames</a>
<div class='stack-trace' id='stack-trace143486875'><pre>java.lang.AssertionError: expected [Yahoo1] but found [Yahoo]
	at org.testng.Assert.fail(Assert.java:99)
	at org.testng.Assert.failNotEquals(Assert.java:1037)
	at org.testng.Assert.assertEqualsImpl(Assert.java:140)
	at org.testng.Assert.assertEquals(Assert.java:122)
	at org.testng.Assert.assertEquals(Assert.java:629)
	at org.testng.Assert.assertEquals(Assert.java:639)
	at TestNgPractice.Yahoo2HardAssert.loginYahoo(Yahoo2HardAssert.java:29)
	at java.base/jdk.internal.reflect.NativeMethodAccessorImpl.invoke0(Native Method)
	at java.base/jdk.internal.reflect.NativeMethodAccessorImpl.invoke(NativeMethodAccessorImpl.java:77)
	at java.base/jdk.internal.reflect.DelegatingMethodAccessorImpl.invoke(DelegatingMethodAccessorImpl.java:43)
	at java.base/java.lang.reflect.Method.invoke(Method.java:568)
	at org.testng.internal.MethodInvocationHelper.invokeMethod(MethodInvocationHelper.java:133)
	at org.testng.internal.TestInvoker.invokeMethod(TestInvoker.java:598)
	at org.testng.internal.TestInvoker.invokeTestMethod(TestInvoker.java:173)
	at org.testng.internal.MethodRunner.runInSequence(MethodRunner.java:46)
	at org.testng.internal.TestInvoker$MethodInvocationAgent.invoke(TestInvoker.java:824)
	at org.testng.internal.TestInvoker.invokeTestMethods(TestInvoker.java:146)
	at org.testng.internal.TestMethodWorker.invokeTestMethods(TestMethodWorker.java:146)
	at org.testng.internal.TestMethodWorker.run(TestMethodWorker.java:128)
	at java.base/java.util.ArrayList.forEach(ArrayList.java:1511)
	at org.testng.TestRunner.privateRun(TestRunner.java:794)
	at org.testng.TestRunner.run(TestRunner.java:596)
	at org.testng.SuiteRunner.runTest(SuiteRunner.java:377)
	at org.testng.SuiteRunner.runSequentially(SuiteRunner.java:371)
	at org.testng.SuiteRunner.privateRun(SuiteRunner.java:332)
	at org.testng.SuiteRunner.run(SuiteRunner.java:276)
	at org.testng.SuiteRunnerWorker.runSuite(SuiteRunnerWorker.java:53)
	at org.testng.SuiteRunnerWorker.run(SuiteRunnerWorker.java:96)
	at org.testng.TestNG.runSuitesSequentially(TestNG.java:1212)
	at org.testng.TestNG.runSuitesLocally(TestNG.java:1134)
	at org.testng.TestNG.runSuites(TestNG.java:1063)
	at org.testng.TestNG.run(TestNG.java:1031)
	at org.testng.remote.AbstractRemoteTestNG.run(AbstractRemoteTestNG.java:115)
	at org.testng.remote.RemoteTestNG.initAndRun(RemoteTestNG.java:251)
	at org.testng.remote.RemoteTestNG.main(RemoteTestNG.java:77)
</pre></div></td>
<td>0</td>
<td>TestNgPractice.Yahoo2HardAssert@57eda880</td></tr>
<tr>
<td title='TestNgPractice.Yahoo5SoftAssert2.LoginYahoo1()'><b>LoginYahoo1</b><br>Test class: TestNgPractice.Yahoo5SoftAssert2</td>
<td><div><pre>java.lang.AssertionError: The following asserts failed:
	expected [Yahoo1] but found [Yahoo]
	at TestNgPractice.Yahoo5SoftAssert2.LoginYahoo1(Yahoo5SoftAssert2.java:41)
	at java.base/java.util.ArrayList.forEach(ArrayList.java:1511)
... Removed 29 stack frames</pre></div><a href='#' onClick='toggleBox("stack-trace36550900", this, "Click to show all stack frames", "Click to hide stack frames")'>Click to show all stack frames</a>
<div class='stack-trace' id='stack-trace36550900'><pre>java.lang.AssertionError: The following asserts failed:
	expected [Yahoo1] but found [Yahoo]
	at org.testng.asserts.SoftAssert.assertAll(SoftAssert.java:47)
	at org.testng.asserts.SoftAssert.assertAll(SoftAssert.java:31)
	at TestNgPractice.Yahoo5SoftAssert2.LoginYahoo1(Yahoo5SoftAssert2.java:41)
	at java.base/jdk.internal.reflect.NativeMethodAccessorImpl.invoke0(Native Method)
	at java.base/jdk.internal.reflect.NativeMethodAccessorImpl.invoke(NativeMethodAccessorImpl.java:77)
	at java.base/jdk.internal.reflect.DelegatingMethodAccessorImpl.invoke(DelegatingMethodAccessorImpl.java:43)
	at java.base/java.lang.reflect.Method.invoke(Method.java:568)
	at org.testng.internal.MethodInvocationHelper.invokeMethod(MethodInvocationHelper.java:133)
	at org.testng.internal.TestInvoker.invokeMethod(TestInvoker.java:598)
	at org.testng.internal.TestInvoker.invokeTestMethod(TestInvoker.java:173)
	at org.testng.internal.MethodRunner.runInSequence(MethodRunner.java:46)
	at org.testng.internal.TestInvoker$MethodInvocationAgent.invoke(TestInvoker.java:824)
	at org.testng.internal.TestInvoker.invokeTestMethods(TestInvoker.java:146)
	at org.testng.internal.TestMethodWorker.invokeTestMethods(TestMethodWorker.java:146)
	at org.testng.internal.TestMethodWorker.run(TestMethodWorker.java:128)
	at java.base/java.util.ArrayList.forEach(ArrayList.java:1511)
	at org.testng.TestRunner.privateRun(TestRunner.java:794)
	at org.testng.TestRunner.run(TestRunner.java:596)
	at org.testng.SuiteRunner.runTest(SuiteRunner.java:377)
	at org.testng.SuiteRunner.runSequentially(SuiteRunner.java:371)
	at org.testng.SuiteRunner.privateRun(SuiteRunner.java:332)
	at org.testng.SuiteRunner.run(SuiteRunner.java:276)
	at org.testng.SuiteRunnerWorker.runSuite(SuiteRunnerWorker.java:53)
	at org.testng.SuiteRunnerWorker.run(SuiteRunnerWorker.java:96)
	at org.testng.TestNG.runSuitesSequentially(TestNG.java:1212)
	at org.testng.TestNG.runSuitesLocally(TestNG.java:1134)
	at org.testng.TestNG.runSuites(TestNG.java:1063)
	at org.testng.TestNG.run(TestNG.java:1031)
	at org.testng.remote.AbstractRemoteTestNG.run(AbstractRemoteTestNG.java:115)
	at org.testng.remote.RemoteTestNG.initAndRun(RemoteTestNG.java:251)
	at org.testng.remote.RemoteTestNG.main(RemoteTestNG.java:77)
</pre></div></td>
<td>0</td>
<td>TestNgPractice.Yahoo5SoftAssert2@29626d54</td></tr>
</table><p>
<table width='100%' border='1' class='invocation-passed'>
<tr><td colspan='4' align='center'><b>PASSED TESTS</b></td></tr>
<tr><td><b>Test method</b></td>
<td width="30%"><b>Exception</b></td>
<td width="10%"><b>Time (seconds)</b></td>
<td><b>Instance</b></td>
</tr>
<tr>
<td title='throughwebtable.webtablecolumn.readWebTableColumn()'><b>readWebTableColumn</b><br>Test class: throughwebtable.webtablecolumn</td>
<td></td>
<td>3</td>
<td>throughwebtable.webtablecolumn@163d04ff</td></tr>
<tr>
<td title='TestNgPractice.Yahoo4SoftAssert.LaunchYahoo()'><b>LaunchYahoo</b><br>Test class: TestNgPractice.Yahoo4SoftAssert</td>
<td></td>
<td>5</td>
<td>TestNgPractice.Yahoo4SoftAssert@769f71a9</td></tr>
<tr>
<td title='throughTextFile.ExampleWrite.writeintoTextFile()'><b>writeintoTextFile</b><br>Test class: throughTextFile.ExampleWrite<br/>
<a href="#Output-1622135821" onClick='toggleBox("Output-1622135821", this, "Show output", "Hide output");'>Show output</a>

<a href="#Output-1622135821" onClick="toggleAllBoxes();">Show all outputs</a>
<div class='log' id="Output-1622135821">
File is created and content is written<br/>
</div>
</td>
<td></td>
<td>0</td>
<td>throughTextFile.ExampleWrite@53d1b9b3</td></tr>
<tr>
<td title='TestNgPractice.Yahoo4SoftAssert.LoginYahoo()'><b>LoginYahoo</b><br>Test class: TestNgPractice.Yahoo4SoftAssert</td>
<td></td>
<td>0</td>
<td>TestNgPractice.Yahoo4SoftAssert@769f71a9</td></tr>
<tr>
<td title='TestNgPractice.Yahoo5SoftAssert2.LaunchYahoo()'><b>LaunchYahoo</b><br>Test class: TestNgPractice.Yahoo5SoftAssert2</td>
<td></td>
<td>6</td>
<td>TestNgPractice.Yahoo5SoftAssert2@29626d54</td></tr>
<tr>
<td title='TestNgPractice.Yahoo2HardAssert.launchYahoo()'><b>launchYahoo</b><br>Test class: TestNgPractice.Yahoo2HardAssert</td>
<td></td>
<td>2</td>
<td>TestNgPractice.Yahoo2HardAssert@57eda880</td></tr>
<tr>
<td title='TestNgPractice.Yahoo4SoftAssert.CloseYahoo()'><b>CloseYahoo</b><br>Test class: TestNgPractice.Yahoo4SoftAssert</td>
<td></td>
<td>0</td>
<td>TestNgPractice.Yahoo4SoftAssert@769f71a9</td></tr>
<tr>
<td title='TestNgPractice.Yahoo1.loginYahoo()'><b>loginYahoo</b><br>Test class: TestNgPractice.Yahoo1<br>Test method: Login</td>
<td></td>
<td>0</td>
<td>TestNgPractice.Yahoo1@2e4b8173</td></tr>
<tr>
<td title='throughwebtable.webtablerow.readWebTableRow()'><b>readWebTableRow</b><br>Test class: throughwebtable.webtablerow</td>
<td></td>
<td>4</td>
<td>throughwebtable.webtablerow@2cae1042</td></tr>
<tr>
<td title='TestNgPractice.Yahoo2HardAssert.closeYahoo()'><b>closeYahoo</b><br>Test class: TestNgPractice.Yahoo2HardAssert</td>
<td></td>
<td>0</td>
<td>TestNgPractice.Yahoo2HardAssert@57eda880</td></tr>
<tr>
<td title='TestNgPractice.Yahoo5SoftAssert2.LoginYahoo()'><b>LoginYahoo</b><br>Test class: TestNgPractice.Yahoo5SoftAssert2</td>
<td></td>
<td>0</td>
<td>TestNgPractice.Yahoo5SoftAssert2@29626d54</td></tr>
<tr>
<td title='throughTextFile.EaxmpleRead.readFile()'><b>readFile</b><br>Test class: throughTextFile.EaxmpleRead<br/>
<a href="#Output-49969897" onClick='toggleBox("Output-49969897", this, "Show output", "Hide output");'>Show output</a>

<a href="#Output-49969897" onClick="toggleAllBoxes();">Show all outputs</a>
<div class='log' id="Output-49969897">
Passed<br/>
</div>
</td>
<td></td>
<td>0</td>
<td>throughTextFile.EaxmpleRead@2b5825fa</td></tr>
<tr>
<td title='TestNgPractice.Yahoo3HardAssert.launchYahoo()'><b>launchYahoo</b><br>Test class: TestNgPractice.Yahoo3HardAssert<br>Test method: Open Yahoo</td>
<td></td>
<td>22</td>
<td>TestNgPractice.Yahoo3HardAssert@5bd03f44</td></tr>
<tr>
<td title='TestNgPractice.Yahoo1.launchYahoo()'><b>launchYahoo</b><br>Test class: TestNgPractice.Yahoo1<br>Test method: Launch</td>
<td></td>
<td>0</td>
<td>TestNgPractice.Yahoo1@2e4b8173</td></tr>
<tr>
<td title='TestNgPractice.Yahoo5SoftAssert2.CloseYahoo()'><b>CloseYahoo</b><br>Test class: TestNgPractice.Yahoo5SoftAssert2</td>
<td></td>
<td>0</td>
<td>TestNgPractice.Yahoo5SoftAssert2@29626d54</td></tr>
<tr>
<td title='throughwebtable.WebtableToTextFile.readTableToTextFile()'><b>readTableToTextFile</b><br>Test class: throughwebtable.WebtableToTextFile</td>
<td></td>
<td>4</td>
<td>throughwebtable.WebtableToTextFile@7c209437</td></tr>
<tr>
<td title='TestNgPractice.Yahoo3HardAssert.loginYahoo()'><b>loginYahoo</b><br>Test class: TestNgPractice.Yahoo3HardAssert<br>Test method: Login-Hard Assert is True</td>
<td></td>
<td>0</td>
<td>TestNgPractice.Yahoo3HardAssert@5bd03f44</td></tr>
<tr>
<td title='TestNgPractice.Yahoo1.closeYahoo()'><b>closeYahoo</b><br>Test class: TestNgPractice.Yahoo1<br>Test method: Logout</td>
<td></td>
<td>0</td>
<td>TestNgPractice.Yahoo1@2e4b8173</td></tr>
<tr>
<td title='TestNgPractice.Yahoo3HardAssert.closeYahoo()'><b>closeYahoo</b><br>Test class: TestNgPractice.Yahoo3HardAssert<br>Test method: Logout Yahoo</td>
<td></td>
<td>0</td>
<td>TestNgPractice.Yahoo3HardAssert@5bd03f44</td></tr>
</table><p>
</body>
</html>