<?xml version="1.0" encoding="UTF-8"?>
<testng-results ignored="2" total="23" passed="19" failed="2" skipped="0">
  <reporter-output>
    <line>
      <![CDATA[Passed]]>
    </line>
    <line>
      <![CDATA[File is created and content is written]]>
    </line>
  </reporter-output>
  <suite started-at="2024-03-04T12:15:04 CST" name="Suite" finished-at="2024-03-04T12:15:55 CST" duration-ms="50460">
    <groups>
    </groups>
    <test started-at="2024-03-04T12:15:04 CST" name="Test" finished-at="2024-03-04T12:15:55 CST" duration-ms="50460">
      <class name="TestNgPractice.Yahoo3HardAssert">
        <test-method signature="launchYahoo()[pri:1, instance:TestNgPractice.Yahoo3HardAssert@5bd03f44]" started-at="2024-03-04T12:15:10 CST" name="launchYahoo" description="Open Yahoo" finished-at="2024-03-04T12:15:33 CST" duration-ms="22666" status="PASS">
          <reporter-output>
          </reporter-output>
        </test-method> <!-- launchYahoo -->
        <test-method signature="loginYahoo()[pri:2, instance:TestNgPractice.Yahoo3HardAssert@5bd03f44]" started-at="2024-03-04T12:15:33 CST" name="loginYahoo" description="Login-Hard Assert is True" finished-at="2024-03-04T12:15:33 CST" duration-ms="0" status="PASS">
          <reporter-output>
          </reporter-output>
        </test-method> <!-- loginYahoo -->
        <test-method signature="closeYahoo()[pri:3, instance:TestNgPractice.Yahoo3HardAssert@5bd03f44]" started-at="2024-03-04T12:15:33 CST" name="closeYahoo" description="Logout Yahoo" finished-at="2024-03-04T12:15:33 CST" duration-ms="157" status="PASS">
          <reporter-output>
          </reporter-output>
        </test-method> <!-- closeYahoo -->
      </class> <!-- TestNgPractice.Yahoo3HardAssert -->
      <class name="TestNgPractice.Yahoo4SoftAssert">
        <test-method signature="LaunchYahoo()[pri:1, instance:TestNgPractice.Yahoo4SoftAssert@769f71a9]" started-at="2024-03-04T12:15:04 CST" name="LaunchYahoo" finished-at="2024-03-04T12:15:10 CST" duration-ms="5754" status="PASS">
          <reporter-output>
          </reporter-output>
        </test-method> <!-- LaunchYahoo -->
        <test-method signature="LoginYahoo()[pri:2, instance:TestNgPractice.Yahoo4SoftAssert@769f71a9]" started-at="2024-03-04T12:15:10 CST" name="LoginYahoo" finished-at="2024-03-04T12:15:10 CST" duration-ms="18" status="PASS">
          <reporter-output>
          </reporter-output>
        </test-method> <!-- LoginYahoo -->
        <test-method signature="CloseYahoo()[pri:3, instance:TestNgPractice.Yahoo4SoftAssert@769f71a9]" started-at="2024-03-04T12:15:10 CST" name="CloseYahoo" finished-at="2024-03-04T12:15:10 CST" duration-ms="193" status="PASS">
          <reporter-output>
          </reporter-output>
        </test-method> <!-- CloseYahoo -->
      </class> <!-- TestNgPractice.Yahoo4SoftAssert -->
      <class name="TestNgPractice.Yahoo2HardAssert">
        <test-method signature="launchYahoo()[pri:1, instance:TestNgPractice.Yahoo2HardAssert@57eda880]" started-at="2024-03-04T12:15:39 CST" name="launchYahoo" finished-at="2024-03-04T12:15:42 CST" duration-ms="2913" status="PASS">
          <reporter-output>
          </reporter-output>
        </test-method> <!-- launchYahoo -->
        <test-method signature="loginYahoo()[pri:2, instance:TestNgPractice.Yahoo2HardAssert@57eda880]" started-at="2024-03-04T12:15:42 CST" name="loginYahoo" description="Hard-Assert" finished-at="2024-03-04T12:15:42 CST" duration-ms="7" status="FAIL">
          <exception class="java.lang.AssertionError">
            <message>
              <![CDATA[expected [Yahoo1] but found [Yahoo]]]>
            </message>
            <full-stacktrace>
              <![CDATA[java.lang.AssertionError: expected [Yahoo1] but found [Yahoo]
at org.testng.Assert.fail(Assert.java:99)
at org.testng.Assert.failNotEquals(Assert.java:1037)
at org.testng.Assert.assertEqualsImpl(Assert.java:140)
at org.testng.Assert.assertEquals(Assert.java:122)
at org.testng.Assert.assertEquals(Assert.java:629)
at org.testng.Assert.assertEquals(Assert.java:639)
at TestNgPractice.Yahoo2HardAssert.loginYahoo(Yahoo2HardAssert.java:29)
at java.base/jdk.internal.reflect.NativeMethodAccessorImpl.invoke0(Native Method)
at java.base/jdk.internal.reflect.NativeMethodAccessorImpl.invoke(NativeMethodAccessorImpl.java:77)
at java.base/jdk.internal.reflect.DelegatingMethodAccessorImpl.invoke(DelegatingMethodAccessorImpl.java:43)
at java.base/java.lang.reflect.Method.invoke(Method.java:568)
at org.testng.internal.MethodInvocationHelper.invokeMethod(MethodInvocationHelper.java:133)
at org.testng.internal.TestInvoker.invokeMethod(TestInvoker.java:598)
at org.testng.internal.TestInvoker.invokeTestMethod(TestInvoker.java:173)
at org.testng.internal.MethodRunner.runInSequence(MethodRunner.java:46)
at org.testng.internal.TestInvoker$MethodInvocationAgent.invoke(TestInvoker.java:824)
at org.testng.internal.TestInvoker.invokeTestMethods(TestInvoker.java:146)
at org.testng.internal.TestMethodWorker.invokeTestMethods(TestMethodWorker.java:146)
at org.testng.internal.TestMethodWorker.run(TestMethodWorker.java:128)
at java.base/java.util.ArrayList.forEach(ArrayList.java:1511)
at org.testng.TestRunner.privateRun(TestRunner.java:794)
at org.testng.TestRunner.run(TestRunner.java:596)
at org.testng.SuiteRunner.runTest(SuiteRunner.java:377)
at org.testng.SuiteRunner.runSequentially(SuiteRunner.java:371)
at org.testng.SuiteRunner.privateRun(SuiteRunner.java:332)
at org.testng.SuiteRunner.run(SuiteRunner.java:276)
at org.testng.SuiteRunnerWorker.runSuite(SuiteRunnerWorker.java:53)
at org.testng.SuiteRunnerWorker.run(SuiteRunnerWorker.java:96)
at org.testng.TestNG.runSuitesSequentially(TestNG.java:1212)
at org.testng.TestNG.runSuitesLocally(TestNG.java:1134)
at org.testng.TestNG.runSuites(TestNG.java:1063)
at org.testng.TestNG.run(TestNG.java:1031)
at org.testng.remote.AbstractRemoteTestNG.run(AbstractRemoteTestNG.java:115)
at org.testng.remote.RemoteTestNG.initAndRun(RemoteTestNG.java:251)
at org.testng.remote.RemoteTestNG.main(RemoteTestNG.java:77)
]]>
            </full-stacktrace>
          </exception> <!-- java.lang.AssertionError -->
          <reporter-output>
          </reporter-output>
        </test-method> <!-- loginYahoo -->
        <test-method signature="closeYahoo()[pri:3, instance:TestNgPractice.Yahoo2HardAssert@57eda880]" started-at="2024-03-04T12:15:42 CST" name="closeYahoo" finished-at="2024-03-04T12:15:42 CST" duration-ms="159" status="PASS">
          <reporter-output>
          </reporter-output>
        </test-method> <!-- closeYahoo -->
      </class> <!-- TestNgPractice.Yahoo2HardAssert -->
      <class name="throughwebtable.WebtableToTextFile">
        <test-method signature="readTableToTextFile()[pri:0, instance:throughwebtable.WebtableToTextFile@7c209437]" started-at="2024-03-04T12:15:50 CST" name="readTableToTextFile" finished-at="2024-03-04T12:15:55 CST" duration-ms="4215" status="PASS">
          <reporter-output>
          </reporter-output>
        </test-method> <!-- readTableToTextFile -->
      </class> <!-- throughwebtable.WebtableToTextFile -->
      <class name="throughwebtable.webtablerow">
        <test-method signature="readWebTableRow()[pri:0, instance:throughwebtable.webtablerow@2cae1042]" started-at="2024-03-04T12:15:42 CST" name="readWebTableRow" finished-at="2024-03-04T12:15:47 CST" duration-ms="4388" status="PASS">
          <reporter-output>
          </reporter-output>
        </test-method> <!-- readWebTableRow -->
      </class> <!-- throughwebtable.webtablerow -->
      <class name="TestNgPractice.Yahoo5SoftAssert2">
        <test-method signature="LaunchYahoo()[pri:1, instance:TestNgPractice.Yahoo5SoftAssert2@29626d54]" started-at="2024-03-04T12:15:33 CST" name="LaunchYahoo" finished-at="2024-03-04T12:15:39 CST" duration-ms="6149" status="PASS">
          <reporter-output>
          </reporter-output>
        </test-method> <!-- LaunchYahoo -->
        <test-method signature="LoginYahoo()[pri:2, instance:TestNgPractice.Yahoo5SoftAssert2@29626d54]" started-at="2024-03-04T12:15:39 CST" name="LoginYahoo" finished-at="2024-03-04T12:15:39 CST" duration-ms="7" status="PASS">
          <reporter-output>
          </reporter-output>
        </test-method> <!-- LoginYahoo -->
        <test-method signature="LoginYahoo1()[pri:3, instance:TestNgPractice.Yahoo5SoftAssert2@29626d54]" started-at="2024-03-04T12:15:39 CST" name="LoginYahoo1" finished-at="2024-03-04T12:15:39 CST" duration-ms="8" status="FAIL">
          <exception class="java.lang.AssertionError">
            <message>
              <![CDATA[The following asserts failed:
expected [Yahoo1] but found [Yahoo]]]>
            </message>
            <full-stacktrace>
              <![CDATA[java.lang.AssertionError: The following asserts failed:
expected [Yahoo1] but found [Yahoo]
at org.testng.asserts.SoftAssert.assertAll(SoftAssert.java:47)
at org.testng.asserts.SoftAssert.assertAll(SoftAssert.java:31)
at TestNgPractice.Yahoo5SoftAssert2.LoginYahoo1(Yahoo5SoftAssert2.java:41)
at java.base/jdk.internal.reflect.NativeMethodAccessorImpl.invoke0(Native Method)
at java.base/jdk.internal.reflect.NativeMethodAccessorImpl.invoke(NativeMethodAccessorImpl.java:77)
at java.base/jdk.internal.reflect.DelegatingMethodAccessorImpl.invoke(DelegatingMethodAccessorImpl.java:43)
at java.base/java.lang.reflect.Method.invoke(Method.java:568)
at org.testng.internal.MethodInvocationHelper.invokeMethod(MethodInvocationHelper.java:133)
at org.testng.internal.TestInvoker.invokeMethod(TestInvoker.java:598)
at org.testng.internal.TestInvoker.invokeTestMethod(TestInvoker.java:173)
at org.testng.internal.MethodRunner.runInSequence(MethodRunner.java:46)
at org.testng.internal.TestInvoker$MethodInvocationAgent.invoke(TestInvoker.java:824)
at org.testng.internal.TestInvoker.invokeTestMethods(TestInvoker.java:146)
at org.testng.internal.TestMethodWorker.invokeTestMethods(TestMethodWorker.java:146)
at org.testng.internal.TestMethodWorker.run(TestMethodWorker.java:128)
at java.base/java.util.ArrayList.forEach(ArrayList.java:1511)
at org.testng.TestRunner.privateRun(TestRunner.java:794)
at org.testng.TestRunner.run(TestRunner.java:596)
at org.testng.SuiteRunner.runTest(SuiteRunner.java:377)
at org.testng.SuiteRunner.runSequentially(SuiteRunner.java:371)
at org.testng.SuiteRunner.privateRun(SuiteRunner.java:332)
at org.testng.SuiteRunner.run(SuiteRunner.java:276)
at org.testng.SuiteRunnerWorker.runSuite(SuiteRunnerWorker.java:53)
at org.testng.SuiteRunnerWorker.run(SuiteRunnerWorker.java:96)
at org.testng.TestNG.runSuitesSequentially(TestNG.java:1212)
at org.testng.TestNG.runSuitesLocally(TestNG.java:1134)
at org.testng.TestNG.runSuites(TestNG.java:1063)
at org.testng.TestNG.run(TestNG.java:1031)
at org.testng.remote.AbstractRemoteTestNG.run(AbstractRemoteTestNG.java:115)
at org.testng.remote.RemoteTestNG.initAndRun(RemoteTestNG.java:251)
at org.testng.remote.RemoteTestNG.main(RemoteTestNG.java:77)
]]>
            </full-stacktrace>
          </exception> <!-- java.lang.AssertionError -->
          <reporter-output>
          </reporter-output>
        </test-method> <!-- LoginYahoo1 -->
        <test-method signature="CloseYahoo()[pri:5, instance:TestNgPractice.Yahoo5SoftAssert2@29626d54]" started-at="2024-03-04T12:15:39 CST" name="CloseYahoo" finished-at="2024-03-04T12:15:39 CST" duration-ms="111" status="PASS">
          <reporter-output>
          </reporter-output>
        </test-method> <!-- CloseYahoo -->
      </class> <!-- TestNgPractice.Yahoo5SoftAssert2 -->
      <class name="throughTextFile.EaxmpleRead">
        <test-method signature="readFile()[pri:0, instance:throughTextFile.EaxmpleRead@2b5825fa]" started-at="2024-03-04T12:15:42 CST" name="readFile" finished-at="2024-03-04T12:15:42 CST" duration-ms="0" status="PASS">
          <reporter-output>
            <line>
              <![CDATA[Passed]]>
            </line>
          </reporter-output>
        </test-method> <!-- readFile -->
      </class> <!-- throughTextFile.EaxmpleRead -->
      <class name="TestNgPractice.Yahoo1">
        <test-method signature="launchYahoo()[pri:1, instance:TestNgPractice.Yahoo1@2e4b8173]" started-at="2024-03-04T12:15:10 CST" name="launchYahoo" description="Launch" finished-at="2024-03-04T12:15:10 CST" duration-ms="2" status="PASS">
          <reporter-output>
          </reporter-output>
        </test-method> <!-- launchYahoo -->
        <test-method signature="loginYahoo()[pri:2, instance:TestNgPractice.Yahoo1@2e4b8173]" started-at="2024-03-04T12:15:10 CST" name="loginYahoo" description="Login" finished-at="2024-03-04T12:15:10 CST" duration-ms="1" status="PASS">
          <reporter-output>
          </reporter-output>
        </test-method> <!-- loginYahoo -->
        <test-method signature="closeYahoo()[pri:3, instance:TestNgPractice.Yahoo1@2e4b8173]" started-at="2024-03-04T12:15:10 CST" name="closeYahoo" description="Logout" finished-at="2024-03-04T12:15:10 CST" duration-ms="3" status="PASS">
          <reporter-output>
          </reporter-output>
        </test-method> <!-- closeYahoo -->
      </class> <!-- TestNgPractice.Yahoo1 -->
      <class name="throughwebtable.webtablecolumn">
        <test-method signature="readWebTableColumn()[pri:0, instance:throughwebtable.webtablecolumn@163d04ff]" started-at="2024-03-04T12:15:47 CST" name="readWebTableColumn" finished-at="2024-03-04T12:15:50 CST" duration-ms="3651" status="PASS">
          <reporter-output>
          </reporter-output>
        </test-method> <!-- readWebTableColumn -->
      </class> <!-- throughwebtable.webtablecolumn -->
      <class name="throughTextFile.ExampleWrite">
        <test-method signature="writeintoTextFile()[pri:0, instance:throughTextFile.ExampleWrite@53d1b9b3]" started-at="2024-03-04T12:15:42 CST" name="writeintoTextFile" finished-at="2024-03-04T12:15:42 CST" duration-ms="0" status="PASS">
          <reporter-output>
            <line>
              <![CDATA[File is created and content is written]]>
            </line>
          </reporter-output>
        </test-method> <!-- writeintoTextFile -->
      </class> <!-- throughTextFile.ExampleWrite -->
    </test> <!-- Test -->
  </suite> <!-- Suite -->
</testng-results>
